<?xml version="1.0" encoding="UTF-8"?>
<testng-results ignored="0" total="1" passed="1" failed="0" skipped="0">
  <reporter-output>
  </reporter-output>
  <suite started-at="2022-08-31T18:05:30 PDT" name="Surefire suite" finished-at="2022-08-31T18:05:30 PDT" duration-ms="110">
    <groups>
    </groups>
    <test started-at="2022-08-31T18:05:30 PDT" name="Surefire test" finished-at="2022-08-31T18:05:30 PDT" duration-ms="110">
      <class name="TestForJenkins">
        <test-method signature="f()[pri:0, instance:TestForJenkins@3af9c5b7]" started-at="2022-08-31T18:05:30 PDT" name="f" finished-at="2022-08-31T18:05:30 PDT" duration-ms="10" status="PASS">
          <reporter-output>
          </reporter-output>
        </test-method> <!-- f -->
      </class> <!-- TestForJenkins -->
    </test> <!-- Surefire test -->
  </suite> <!-- Surefire suite -->
</testng-results>
